#
# There is insufficient memory for the Java Runtime Environment to continue.
# Native memory allocation (mmap) failed to map 264241152 bytes. Error detail: G1 virtual space
# Possible reasons:
#   The system is out of physical RAM or swap space
#   This process is running with CompressedOops enabled, and the Java Heap may be blocking the growth of the native heap
# Possible solutions:
#   Reduce memory load on the system
#   Increase physical memory or swap space
#   Check if swap backing store is full
#   Decrease Java heap size (-Xmx/-Xms)
#   Decrease number of Java threads
#   Decrease Java thread stack sizes (-Xss)
#   Set larger code cache with -XX:ReservedCodeCacheSize=
#   JVM is running with Zero Based Compressed Oops mode in which the Java heap is
#     placed in the first 32GB address space. The Java Heap base address is the
#     maximum limit for the native heap growth. Please use -XX:HeapBaseMinAddress
#     to set the Java Heap base and to place the Java Heap above 32GB virtual address.
# This output file may be truncated or incomplete.
#
#  Out of Memory Error (os_windows.cpp:3554), pid=2700, tid=12744
#
# JRE version:  (25.0.1+8) (build )
# Java VM: Java HotSpot(TM) 64-Bit Server VM (25.0.1+8-LTS-27, mixed mode, sharing, tiered, compressed oops, compressed class ptrs, g1 gc, windows-amd64)
# No core dump will be written. Minidumps are not enabled by default on client versions of Windows
#

---------------  S U M M A R Y ------------

Command Line: -javaagent:E:\Intellij\IntelliJ IDEA Community Edition 2025.2.4\lib\idea_rt.jar=50471 -Dfile.encoding=UTF-8 -Dsun.stdout.encoding=UTF-8 -Dsun.stderr.encoding=UTF-8 --module-path=C:\Users\Khai\.m2\repository\org\openjfx\javafx-base\21.0.6\javafx-base-21.0.6-win.jar;C:\Users\Khai\.m2\repository\org\openjfx\javafx-graphics\21.0.6\javafx-graphics-21.0.6-win.jar;E:\Project 1\MemoryCardGame\target\classes;C:\Users\Khai\.m2\repository\org\openjfx\javafx-fxml\21.0.6\javafx-fxml-21.0.6-win.jar;C:\Users\Khai\.m2\repository\org\openjfx\javafx-controls\21.0.6\javafx-controls-21.0.6-win.jar;C:\Users\Khai\.m2\repository\org\openjfx\javafx-media\21.0.3\javafx-media-21.0.3-win.jar -Djdk.module.main=com.example.memorycardgame com.example.memorycardgame/com.example.memorycardgame.Main

Host: 13th Gen Intel(R) Core(TM) i7-1355U, 12 cores, 15G,  Windows 11 , 64 bit Build 26100 (10.0.26100.7309)
Time: Sat Jan 17 00:10:52 2026 SE Asia Standard Time elapsed time: 1.135750 seconds (0d 0h 0m 1s)

---------------  T H R E A D  ---------------

Current thread (0x0000022f689d2ea0):  JavaThread "Unknown thread" [_thread_in_vm, id=12744, stack(0x00000084fca00000,0x00000084fcb00000) (1024K)]

Stack: [0x00000084fca00000,0x00000084fcb00000]
Native frames: (J=compiled Java code, j=interpreted, Vv=VM code, C=native code)
V  [jvm.dll+0x7a6b59]  (no source info available)
V  [jvm.dll+0x77290d]  (no source info available)
V  [jvm.dll+0x966153]  (no source info available)
V  [jvm.dll+0x968751]  (no source info available)
V  [jvm.dll+0x968e53]  (no source info available)
V  [jvm.dll+0x2fc756]  (no source info available)
V  [jvm.dll+0x7a2d85]  (no source info available)
V  [jvm.dll+0x796197]  (no source info available)
V  [jvm.dll+0x3f4698]  (no source info available)
V  [jvm.dll+0x3fc5b6]  (no source info available)
V  [jvm.dll+0x3e8c8e]  (no source info available)
V  [jvm.dll+0x3e8f48]  (no source info available)
V  [jvm.dll+0x3c0045]  (no source info available)
V  [jvm.dll+0x3c0cce]  (no source info available)
V  [jvm.dll+0x92c837]  (no source info available)
V  [jvm.dll+0x458bc2]  (no source info available)
V  [jvm.dll+0x9101e2]  (no source info available)
V  [jvm.dll+0x4f9061]  (no source info available)
V  [jvm.dll+0x4fa8f1]  (no source info available)
C  [jli.dll+0x543e]  (no source info available)
C  [ucrtbase.dll+0x37b0]  (no source info available)
C  [KERNEL32.DLL+0x2e8d7]  (no source info available)
C  [ntdll.dll+0x8c53c]  (no source info available)

Lock stack of current Java thread (top to bottom):


---------------  P R O C E S S  ---------------

Threads class SMR info:
_java_thread_list=0x00007ffa18a45308, length=0, elements={
}

Java Threads: ( => current thread )
Total: 0

Other Threads:
  0x0000022f665eded0 WorkerThread "GC Thread#0"                     [id=12892, stack(0x00000084fcb00000,0x00000084fcc00000) (1024K)]
  0x0000022f68a4f980 ConcurrentGCThread "G1 Main Marker"            [id=11024, stack(0x00000084fcc00000,0x00000084fcd00000) (1024K)]
  0x0000022f68a51410 WorkerThread "G1 Conc#0"                       [id=30692, stack(0x00000084fcd00000,0x00000084fce00000) (1024K)]

[error occurred during error reporting (printing all threads), id 0xc0000005, EXCEPTION_ACCESS_VIOLATION (0xc0000005) at pc=0x00007ffa18124c2a]
VM state: not at safepoint (not fully initialized)

VM Mutex/Monitor currently owned by a thread:  ([mutex/lock_event])
[0x00007ffa18ac9668] Heap_lock - owner thread: 0x0000022f689d2ea0

Heap address: 0x0000000704e00000, size: 4018 MB, Compressed Oops mode: Zero based, Oop shift amount: 3

CDS archive(s) mapped at: [0x0000000000000000-0x0000000000000000-0x0000000000000000), size 0, SharedBaseAddress: 0x0000000800000000, ArchiveRelocationMode: 1.
UseCompressedClassPointers 1, UseCompactObjectHeaders 0
Narrow klass pointer bits 32, Max shift 3
Narrow klass base: 0xffffffffffffffff, Narrow klass shift: -1
Encoding Range: [0xffffffffffffffff - 0x000000007fffffff), (2147483648 bytes)
Klass Range:    [0x0000000000000000 - 0x0000000000000000), (0 bytes)
Klass ID Range:  [4294967295 - 0) (1)
No protection zone.

GC Precious Log:
 CardTable entry size: 512
 Card Set container configuration: InlinePtr #cards 4 size 8 Array Of Cards #cards 16 size 48 Howl #buckets 8 coarsen threshold 3686 Howl Bitmap #cards 512 size 80 coarsen threshold 460 Card regions per heap region 1 cards per card region 4096

Heap:
 garbage-first heap   total reserved 4114432K, committed 0K, used 0K [0x0000000704e00000, 0x0000000800000000)
  region size 2048K, 0 young (0K), 0 survivors (0K)

Heap Regions: E=young(eden), S=young(survivor), O=old, HS=humongous(starts), HC=humongous(continues), CS=collection set, F=free, TAMS=top-at-mark-start, PB=parsable bottom

Card table byte_map: [0x0000022f72090000,0x0000022f72870000] _byte_map_base: 0x0000022f6e869000

Marking Bits: (CMBitMap*) 0x0000022f665ee660
 Bits: [0x0000022f72870000, 0x0000022f76738000)

GC Heap Usage History (0 events):
No events

Metaspace Usage History (0 events):
No events

Dll operation events (1 events):
Event: 0.016 Loaded shared library C:\Program Files\Java\jdk-25\bin\java.dll

Deoptimization events (0 events):
No events

Classes loaded (0 events):
No events

Classes unloaded (0 events):
No events

Classes redefined (0 events):
No events

Internal exceptions (0 events):
No events

VM Operations (0 events):
No events

Memory protections (0 events):
No events

Nmethod flushes (0 events):
No events

Events (0 events):
No events


Dynamic libraries:
0x00007ff6593e0000 - 0x00007ff6593f0000 	C:\Program Files\Java\jdk-25\bin\java.exe
0x00007ffaaa200000 - 0x00007ffaaa467000 	C:\WINDOWS\SYSTEM32\ntdll.dll
0x00007ffaa92d0000 - 0x00007ffaa9399000 	C:\WINDOWS\System32\KERNEL32.DLL
0x00007ffaa7350000 - 0x00007ffaa773f000 	C:\WINDOWS\System32\KERNELBASE.dll
0x00007ffaa7750000 - 0x00007ffaa789b000 	C:\WINDOWS\System32\ucrtbase.dll
0x00007ffa98640000 - 0x00007ffa9865e000 	C:\Program Files\Java\jdk-25\bin\VCRUNTIME140.dll
0x00007ffa99a10000 - 0x00007ffa99a27000 	C:\Program Files\Java\jdk-25\bin\jli.dll
0x00007ffaa9c50000 - 0x00007ffaa9e15000 	C:\WINDOWS\System32\USER32.dll
0x00007ffaa7d50000 - 0x00007ffaa7d77000 	C:\WINDOWS\System32\win32u.dll
0x00007ffaa7fa0000 - 0x00007ffaa7fcb000 	C:\WINDOWS\System32\GDI32.dll
0x00007ffa89e00000 - 0x00007ffa8a093000 	C:\WINDOWS\WinSxS\amd64_microsoft.windows.common-controls_6595b64144ccf1df_6.0.26100.7309_none_3e05feeae336a044\COMCTL32.dll
0x00007ffaa7c20000 - 0x00007ffaa7d4c000 	C:\WINDOWS\System32\gdi32full.dll
0x00007ffaa7930000 - 0x00007ffaa79d3000 	C:\WINDOWS\System32\msvcp_win.dll
0x00007ffaa82b0000 - 0x00007ffaa8359000 	C:\WINDOWS\System32\msvcrt.dll
0x00007ffaa93a0000 - 0x00007ffaa93d1000 	C:\WINDOWS\System32\IMM32.DLL
0x00007ffa99000000 - 0x00007ffa9900c000 	C:\Program Files\Java\jdk-25\bin\vcruntime140_1.dll
0x00007ffa7bcd0000 - 0x00007ffa7bd5d000 	C:\Program Files\Java\jdk-25\bin\msvcp140.dll
0x00007ffa17d50000 - 0x00007ffa18baf000 	C:\Program Files\Java\jdk-25\bin\server\jvm.dll
0x00007ffaa9f90000 - 0x00007ffaaa044000 	C:\WINDOWS\System32\ADVAPI32.dll
0x00007ffaa8c30000 - 0x00007ffaa8cd6000 	C:\WINDOWS\System32\sechost.dll
0x00007ffaa9e70000 - 0x00007ffaa9f88000 	C:\WINDOWS\System32\RPCRT4.dll
0x00007ffaa8230000 - 0x00007ffaa82a4000 	C:\WINDOWS\System32\WS2_32.dll
0x00007ffaa71b0000 - 0x00007ffaa720e000 	C:\WINDOWS\SYSTEM32\POWRPROF.dll
0x00007ffaa38c0000 - 0x00007ffaa38f5000 	C:\WINDOWS\SYSTEM32\WINMM.dll
0x00007ffa99c50000 - 0x00007ffa99c5b000 	C:\WINDOWS\SYSTEM32\VERSION.dll
0x00007ffaa7190000 - 0x00007ffaa71a4000 	C:\WINDOWS\SYSTEM32\UMPDC.dll
0x00007ffaa6100000 - 0x00007ffaa611b000 	C:\WINDOWS\SYSTEM32\kernel.appcore.dll
0x00007ffa98630000 - 0x00007ffa9863a000 	C:\Program Files\Java\jdk-25\bin\jimage.dll
0x00007ffaa47b0000 - 0x00007ffaa49f2000 	C:\WINDOWS\SYSTEM32\DBGHELP.DLL
0x00007ffaa8dd0000 - 0x00007ffaa9155000 	C:\WINDOWS\System32\combase.dll
0x00007ffaaa0e0000 - 0x00007ffaaa1b6000 	C:\WINDOWS\System32\OLEAUT32.dll
0x00007ffaa3880000 - 0x00007ffaa38bc000 	C:\WINDOWS\SYSTEM32\dbgcore.DLL
0x00007ffaa7ef0000 - 0x00007ffaa7f95000 	C:\WINDOWS\System32\bcryptPrimitives.dll
0x00007ffa8b100000 - 0x00007ffa8b110000 	C:\Program Files\Java\jdk-25\bin\instrument.dll
0x00007ffa88a20000 - 0x00007ffa88a3f000 	C:\Program Files\Java\jdk-25\bin\java.dll
0x00007ffaa8a90000 - 0x00007ffaa8c27000 	C:\WINDOWS\System32\ole32.dll
0x00007ffaa9450000 - 0x00007ffaa9ba3000 	C:\WINDOWS\System32\SHELL32.dll
0x00007ffaa7d80000 - 0x00007ffaa7eea000 	C:\WINDOWS\System32\wintypes.dll

JVMTI agents:
E:\Intellij\IntelliJ IDEA Community Edition 2025.2.4\lib\idea_rt.jar path:none, loaded, not initialized, instrumentlib options:50471

dbghelp: loaded successfully - version: 4.0.5 - missing functions: none
symbol engine: initialized successfully - sym options: 0x614 - pdb path: .;C:\Program Files\Java\jdk-25\bin;C:\WINDOWS\SYSTEM32;C:\WINDOWS\WinSxS\amd64_microsoft.windows.common-controls_6595b64144ccf1df_6.0.26100.7309_none_3e05feeae336a044;C:\Program Files\Java\jdk-25\bin\server

VM Arguments:
jvm_args: -javaagent:E:\Intellij\IntelliJ IDEA Community Edition 2025.2.4\lib\idea_rt.jar=50471 -Dfile.encoding=UTF-8 -Dsun.stdout.encoding=UTF-8 -Dsun.stderr.encoding=UTF-8 --module-path=C:\Users\Khai\.m2\repository\org\openjfx\javafx-base\21.0.6\javafx-base-21.0.6-win.jar;C:\Users\Khai\.m2\repository\org\openjfx\javafx-graphics\21.0.6\javafx-graphics-21.0.6-win.jar;E:\Project 1\MemoryCardGame\target\classes;C:\Users\Khai\.m2\repository\org\openjfx\javafx-fxml\21.0.6\javafx-fxml-21.0.6-win.jar;C:\Users\Khai\.m2\repository\org\openjfx\javafx-controls\21.0.6\javafx-controls-21.0.6-win.jar;C:\Users\Khai\.m2\repository\org\openjfx\javafx-media\21.0.3\javafx-media-21.0.3-win.jar -Djdk.module.main=com.example.memorycardgame 
java_command: com.example.memorycardgame/com.example.memorycardgame.Main
java_class_path (initial): C:\Users\Khai\.m2\repository\org\openjfx\javafx-controls\21.0.6\javafx-controls-21.0.6.jar;C:\Users\Khai\.m2\repository\org\openjfx\javafx-graphics\21.0.6\javafx-graphics-21.0.6.jar;C:\Users\Khai\.m2\repository\org\openjfx\javafx-base\21.0.6\javafx-base-21.0.6.jar;C:\Users\Khai\.m2\repository\org\openjfx\javafx-fxml\21.0.6\javafx-fxml-21.0.6.jar
Launcher Type: SUN_STANDARD

[Global flags]
     intx CICompilerCount                          = 4                                         {product} {ergonomic}
     uint ConcGCThreads                            = 3                                         {product} {ergonomic}
     uint G1ConcRefinementThreads                  = 10                                        {product} {ergonomic}
   size_t G1HeapRegionSize                         = 2097152                                   {product} {ergonomic}
   size_t InitialHeapSize                          = 264241152                                 {product} {ergonomic}
   size_t MarkStackSize                            = 4194304                                   {product} {ergonomic}
   size_t MarkStackSizeMax                         = 536870912                                 {product} {ergonomic}
   size_t MaxHeapSize                              = 4213178368                                {product} {ergonomic}
   size_t MinHeapDeltaBytes                        = 2097152                                   {product} {ergonomic}
   size_t MinHeapSize                              = 8388608                                   {product} {ergonomic}
    uintx NonNMethodCodeHeapSize                   = 5832704                                {pd product} {ergonomic}
    uintx NonProfiledCodeHeapSize                  = 122945536                              {pd product} {ergonomic}
    uintx ProfiledCodeHeapSize                     = 122880000                              {pd product} {ergonomic}
    uintx ReservedCodeCacheSize                    = 251658240                              {pd product} {ergonomic}
     bool SegmentedCodeCache                       = true                                      {product} {ergonomic}
   size_t SoftMaxHeapSize                          = 4213178368                             {manageable} {ergonomic}
     bool UseCompressedOops                        = true                           {product lp64_product} {ergonomic}
     bool UseG1GC                                  = true                                      {product} {ergonomic}
     bool UseLargePagesIndividualAllocation        = false                                  {pd product} {ergonomic}

Logging:
Log output configuration:
 #0: stdout all=warning uptime,level,tags foldmultilines=false
 #1: stderr all=off uptime,level,tags foldmultilines=false

Release file:
<release file has not been read>
Environment Variables:
PATH=C:\Program Files\Common Files\Oracle\Java\javapath;C:\Windows\system32;C:\Windows;C:\Windows\System32\Wbem;C:\Windows\System32\WindowsPowerShell\v1.0\;C:\Windows\System32\OpenSSH\;C:\Program Files\dotnet\;C:\Program Files (x86)\NVIDIA Corporation\PhysX\Common;C:\Program Files\NVIDIA Corporation\NVIDIA NvDLISR;C:\Program Files (x86)\dotnet\;C:\MinGW\bin;C:\WINDOWS\system32;C:\WINDOWS;C:\WINDOWS\System32\Wbem;C:\WINDOWS\System32\WindowsPowerShell\v1.0\;C:\WINDOWS\System32\OpenSSH\;C:\Program Files (x86)\Microsoft SQL Server\160\Tools\Binn\;C:\Program Files\Microsoft SQL Server\160\Tools\Binn\;C:\Program Files\Microsoft SQL Server\Client SDK\ODBC\170\Tools\Binn\;C:\Program Files\Microsoft SQL Server\160\DTS\Binn\;C:\Program Files\Cloudflare\Cloudflare WARP\;C:\Program Files\Git\cmd;C:\Users\Khai\AppData\Local\Microsoft\WindowsApps;C:\Users\Khai\AppData\Local\Programs\Microsoft VS Code\bin;E:\Intellij\IntelliJ IDEA Community Edition 2025.2.4\bin
USERNAME=Khai
OS=Windows_NT
PROCESSOR_IDENTIFIER=Intel64 Family 6 Model 186 Stepping 3, GenuineIntel
TMP=C:\Users\Khai\AppData\Local\Temp
TEMP=C:\Users\Khai\AppData\Local\Temp




Compilation memory statistics disabled.

Periodic native trim disabled

---------------  S Y S T E M  ---------------

OS:
 Windows 11 , 64 bit Build 26100 (10.0.26100.7309)
OS uptime: 0 days 3:47 hours
Hyper-V role detected

CPU: total 12 (initial active 12) (6 cores per cpu, 2 threads per core) family 6 model 186 stepping 3 microcode 0x4128, cx8, cmov, fxsr, ht, mmx, 3dnowpref, sse, sse2, sse3, ssse3, sse4.1, sse4.2, popcnt, lzcnt, tsc, tscinvbit, avx, avx2, aes, erms, clmul, bmi1, bmi2, adx, sha, fma, vzeroupper, clflush, clflushopt, clwb, hv, serialize, rdtscp, rdpid, fsrm, gfni, f16c, cet_ibt, cet_ss
Processor Information for processor 0
  Max Mhz: 1700, Current Mhz: 1700, Mhz Limit: 1700
Processor Information for processor 1
  Max Mhz: 1700, Current Mhz: 1700, Mhz Limit: 1700
Processor Information for processor 2
  Max Mhz: 1700, Current Mhz: 1700, Mhz Limit: 1700
Processor Information for processor 3
  Max Mhz: 1700, Current Mhz: 1700, Mhz Limit: 1700
Processor Information for processor 4
  Max Mhz: 1700, Current Mhz: 1700, Mhz Limit: 1700
Processor Information for processor 5
  Max Mhz: 1700, Current Mhz: 1700, Mhz Limit: 1700
Processor Information for processor 6
  Max Mhz: 1700, Current Mhz: 1700, Mhz Limit: 1700
Processor Information for processor 7
  Max Mhz: 1700, Current Mhz: 1558, Mhz Limit: 1700
Processor Information for processor 8
  Max Mhz: 1700, Current Mhz: 1700, Mhz Limit: 1700
Processor Information for processor 9
  Max Mhz: 1700, Current Mhz: 1558, Mhz Limit: 1700
Processor Information for processor 10
  Max Mhz: 1700, Current Mhz: 1700, Mhz Limit: 1700
Processor Information for processor 11
  Max Mhz: 1700, Current Mhz: 1700, Mhz Limit: 1700

Memory: 4k page, system-wide physical 16068M (1269M free)
TotalPageFile size 20388M (AvailPageFile size 187M)
current process WorkingSet (physical memory assigned to process): 14M, peak: 14M
current process commit charge ("private bytes"): 65M, peak: 317M

vm_info: Java HotSpot(TM) 64-Bit Server VM (25.0.1+8-LTS-27) for windows-amd64 JRE (25.0.1+8-LTS-27), built on 2025-09-25T16:41:16Z with unknown MS VC++:1943

END.
