#
# There is insufficient memory for the Java Runtime Environment to continue.
# Native memory allocation (malloc) failed to allocate 1330392 bytes. Error detail: Chunk::new
# Possible reasons:
#   The system is out of physical RAM or swap space
#   This process is running with CompressedOops enabled, and the Java Heap may be blocking the growth of the native heap
# Possible solutions:
#   Reduce memory load on the system
#   Increase physical memory or swap space
#   Check if swap backing store is full
#   Decrease Java heap size (-Xmx/-Xms)
#   Decrease number of Java threads
#   Decrease Java thread stack sizes (-Xss)
#   Set larger code cache with -XX:ReservedCodeCacheSize=
#   JVM is running with Zero Based Compressed Oops mode in which the Java heap is
#     placed in the first 32GB address space. The Java Heap base address is the
#     maximum limit for the native heap growth. Please use -XX:HeapBaseMinAddress
#     to set the Java Heap base and to place the Java Heap above 32GB virtual address.
# This output file may be truncated or incomplete.
#
#  Out of Memory Error (arena.cpp:186), pid=25780, tid=21400
#
# JRE version: Java(TM) SE Runtime Environment (25.0.1+8) (build 25.0.1+8-LTS-27)
# Java VM: Java HotSpot(TM) 64-Bit Server VM (25.0.1+8-LTS-27, mixed mode, sharing, tiered, compressed oops, compressed class ptrs, g1 gc, windows-amd64)
# No core dump will be written. Minidumps are not enabled by default on client versions of Windows
#

---------------  S U M M A R Y ------------

Command Line: -javaagent:E:\Intellij\IntelliJ IDEA Community Edition 2025.2.4\lib\idea_rt.jar=50451 -Dfile.encoding=UTF-8 -Dsun.stdout.encoding=UTF-8 -Dsun.stderr.encoding=UTF-8 --module-path=C:\Users\Khai\.m2\repository\org\openjfx\javafx-graphics\21.0.6\javafx-graphics-21.0.6-win.jar;C:\Users\Khai\.m2\repository\org\openjfx\javafx-media\21.0.3\javafx-media-21.0.3-win.jar;E:\Project 1\MemoryCardGame\target\classes;C:\Users\Khai\.m2\repository\org\openjfx\javafx-controls\21.0.6\javafx-controls-21.0.6-win.jar;C:\Users\Khai\.m2\repository\org\openjfx\javafx-fxml\21.0.6\javafx-fxml-21.0.6-win.jar;C:\Users\Khai\.m2\repository\org\openjfx\javafx-base\21.0.6\javafx-base-21.0.6-win.jar -Djdk.module.main=com.example.memorycardgame com.example.memorycardgame/com.example.memorycardgame.Main

Host: 13th Gen Intel(R) Core(TM) i7-1355U, 12 cores, 15G,  Windows 11 , 64 bit Build 26100 (10.0.26100.7309)
Time: Sat Jan 17 00:10:28 2026 SE Asia Standard Time elapsed time: 1.142268 seconds (0d 0h 0m 1s)

---------------  T H R E A D  ---------------

Current thread (0x000001f6f2a9e5d0):  JavaThread "C2 CompilerThread1" daemon [_thread_in_native, id=21400, stack(0x000000a9d2300000,0x000000a9d2400000) (1024K)]


Current CompileTask:
C2:1142  405       4       jdk.internal.module.Checks::isJavaIdentifier (76 bytes)

Stack: [0x000000a9d2300000,0x000000a9d2400000]
Native frames: (J=compiled Java code, j=interpreted, Vv=VM code, C=native code)
V  [jvm.dll+0x7a6b59]  (no source info available)
V  [jvm.dll+0x77290d]  (no source info available)
V  [jvm.dll+0x966153]  (no source info available)
V  [jvm.dll+0x968751]  (no source info available)
V  [jvm.dll+0x968e53]  (no source info available)
V  [jvm.dll+0x2fc756]  (no source info available)
V  [jvm.dll+0x111b26]  (no source info available)
V  [jvm.dll+0x111e4e]  (no source info available)
V  [jvm.dll+0x1a0a22]  (no source info available)
V  [jvm.dll+0x3b53c2]  (no source info available)
V  [jvm.dll+0x7ac4ef]  (no source info available)
V  [jvm.dll+0x2c0ac7]  (no source info available)
V  [jvm.dll+0x2bfa8f]  (no source info available)
V  [jvm.dll+0x237b60]  (no source info available)
V  [jvm.dll+0x2cfb56]  (no source info available)
V  [jvm.dll+0x2cddd5]  (no source info available)
V  [jvm.dll+0x48e6d1]  (no source info available)
V  [jvm.dll+0x906a0d]  (no source info available)
V  [jvm.dll+0x7a5135]  (no source info available)
C  [ucrtbase.dll+0x37b0]  (no source info available)
C  [KERNEL32.DLL+0x2e8d7]  (no source info available)
C  [ntdll.dll+0x8c53c]  (no source info available)

Lock stack of current Java thread (top to bottom):


---------------  P R O C E S S  ---------------

Threads class SMR info:
_java_thread_list=0x000001f6f2bcc0c0, length=12, elements={
0x000001f6d2fe2d60, 0x000001f6f2751020, 0x000001f6f2749f90, 0x000001f6f274dd90,
0x000001f6d309da70, 0x000001f6f2753790, 0x000001f6f27556d0, 0x000001f6f275bff0,
0x000001f6f275d210, 0x000001f6f2752fc0, 0x000001f6f2a9e5d0, 0x000001f6f2bca7c0
}

Java Threads: ( => current thread )
  0x000001f6d2fe2d60 JavaThread "main"                              [_thread_in_native, id=7008, stack(0x000000a9d1200000,0x000000a9d1300000) (1024K)]
  0x000001f6f2751020 JavaThread "Reference Handler"          daemon [_thread_blocked, id=21424, stack(0x000000a9d1a00000,0x000000a9d1b00000) (1024K)]
  0x000001f6f2749f90 JavaThread "Finalizer"                  daemon [_thread_blocked, id=17300, stack(0x000000a9d1b00000,0x000000a9d1c00000) (1024K)]
  0x000001f6f274dd90 JavaThread "Signal Dispatcher"          daemon [_thread_blocked, id=17564, stack(0x000000a9d1c00000,0x000000a9d1d00000) (1024K)]
  0x000001f6d309da70 JavaThread "Attach Listener"            daemon [_thread_blocked, id=2256, stack(0x000000a9d1d00000,0x000000a9d1e00000) (1024K)]
  0x000001f6f2753790 JavaThread "Service Thread"             daemon [_thread_blocked, id=27388, stack(0x000000a9d1e00000,0x000000a9d1f00000) (1024K)]
  0x000001f6f27556d0 JavaThread "Monitor Deflation Thread"   daemon [_thread_blocked, id=15392, stack(0x000000a9d1f00000,0x000000a9d2000000) (1024K)]
  0x000001f6f275bff0 JavaThread "C2 CompilerThread0"         daemon [_thread_blocked, id=26348, stack(0x000000a9d2000000,0x000000a9d2100000) (1024K)]
  0x000001f6f275d210 JavaThread "C1 CompilerThread0"         daemon [_thread_blocked, id=26548, stack(0x000000a9d2100000,0x000000a9d2200000) (1024K)]
  0x000001f6f2752fc0 JavaThread "Common-Cleaner"             daemon [_thread_blocked, id=6924, stack(0x000000a9d2200000,0x000000a9d2300000) (1024K)]
=>0x000001f6f2a9e5d0 JavaThread "C2 CompilerThread1"         daemon [_thread_in_native, id=21400, stack(0x000000a9d2300000,0x000000a9d2400000) (1024K)]
  0x000001f6f2bca7c0 JavaThread "C2 CompilerThread2"         daemon [_thread_blocked, id=28944, stack(0x000000a9d2400000,0x000000a9d2500000) (1024K)]
Total: 12

Other Threads:
  0x000001f6f27363a0 VMThread "VM Thread"                           [id=7368, stack(0x000000a9d1900000,0x000000a9d1a00000) (1024K)]
  0x000001f6f272aa40 WatcherThread "VM Periodic Task Thread"        [id=29356, stack(0x000000a9d1800000,0x000000a9d1900000) (1024K)]
  0x000001f6d3045ff0 WorkerThread "GC Thread#0"                     [id=3224, stack(0x000000a9d1300000,0x000000a9d1400000) (1024K)]
  0x000001f6d305f970 ConcurrentGCThread "G1 Main Marker"            [id=18236, stack(0x000000a9d1400000,0x000000a9d1500000) (1024K)]
  0x000001f6d3061360 WorkerThread "G1 Conc#0"                       [id=18492, stack(0x000000a9d1500000,0x000000a9d1600000) (1024K)]
  0x000001f6f25fa290 ConcurrentGCThread "G1 Refine#0"               [id=30152, stack(0x000000a9d1600000,0x000000a9d1700000) (1024K)]
  0x000001f6f25faea0 ConcurrentGCThread "G1 Service"                [id=3136, stack(0x000000a9d1700000,0x000000a9d1800000) (1024K)]
Total: 7

Threads with active compile tasks:
C2 CompilerThread1  1181  405       4       jdk.internal.module.Checks::isJavaIdentifier (76 bytes)
Total: 1

VM state: not at safepoint (normal execution)

VM Mutex/Monitor currently owned by a thread: None

Heap address: 0x0000000704e00000, size: 4018 MB, Compressed Oops mode: Zero based, Oop shift amount: 3

CDS archive(s) mapped at: [0x0000000009000000-0x0000000009dd0000-0x0000000009dd0000), size 14483456, SharedBaseAddress: 0x0000000009000000, ArchiveRelocationMode: 1.
Compressed class space mapped at: 0x000000000a000000-0x000000004a000000, reserved size: 1073741824
UseCompressedClassPointers 1, UseCompactObjectHeaders 0
Narrow klass pointer bits 32, Max shift 3
Narrow klass base: 0x0000000009000000, Narrow klass shift: 0
Encoding Range: [0x0000000009000000 - 0x0000000109000000), (4294967296 bytes)
Klass Range:    [0x0000000009010000 - 0x000000004a000000), (1090453504 bytes)
Klass ID Range:  [65536 - 1090519033) (1090453497)
Protection zone: [0x0000000009000000 - 0x0000000009010000), (65536 bytes)

GC Precious Log:
 CardTable entry size: 512
 Card Set container configuration: InlinePtr #cards 4 size 8 Array Of Cards #cards 16 size 48 Howl #buckets 8 coarsen threshold 3686 Howl Bitmap #cards 512 size 80 coarsen threshold 460 Card regions per heap region 1 cards per card region 4096
 CPUs: 12 total, 12 available
 Memory: 16068M
 Large Page Support: Disabled
 NUMA Support: Disabled
 Compressed Oops: Enabled (Zero based)
 Heap Region Size: 2M
 Heap Min Capacity: 8M
 Heap Initial Capacity: 252M
 Heap Max Capacity: 4018M
 Pre-touch: Disabled
 Parallel Workers: 10
 Concurrent Workers: 3
 Concurrent Refinement Workers: 10
 Periodic GC: Disabled

Heap:
 garbage-first heap   total reserved 4114432K, committed 260096K, used 7317K [0x0000000704e00000, 0x0000000800000000)
  region size 2048K, 5 young (10240K), 0 survivors (0K)

Heap Regions: E=young(eden), S=young(survivor), O=old, HS=humongous(starts), HC=humongous(continues), CS=collection set, F=free, TAMS=top-at-mark-start, PB=parsable bottom
|   0|0x0000000704e00000, 0x0000000704e00000, 0x0000000705000000|  0%| F|  |TAMS 0x0000000704e00000| PB 0x0000000704e00000| Untracked |  0
|   1|0x0000000705000000, 0x0000000705000000, 0x0000000705200000|  0%| F|  |TAMS 0x0000000705000000| PB 0x0000000705000000| Untracked |  0
|   2|0x0000000705200000, 0x0000000705200000, 0x0000000705400000|  0%| F|  |TAMS 0x0000000705200000| PB 0x0000000705200000| Untracked |  0
|   3|0x0000000705400000, 0x0000000705400000, 0x0000000705600000|  0%| F|  |TAMS 0x0000000705400000| PB 0x0000000705400000| Untracked |  0
|   4|0x0000000705600000, 0x0000000705600000, 0x0000000705800000|  0%| F|  |TAMS 0x0000000705600000| PB 0x0000000705600000| Untracked |  0
|   5|0x0000000705800000, 0x0000000705800000, 0x0000000705a00000|  0%| F|  |TAMS 0x0000000705800000| PB 0x0000000705800000| Untracked |  0
|   6|0x0000000705a00000, 0x0000000705a00000, 0x0000000705c00000|  0%| F|  |TAMS 0x0000000705a00000| PB 0x0000000705a00000| Untracked |  0
|   7|0x0000000705c00000, 0x0000000705c00000, 0x0000000705e00000|  0%| F|  |TAMS 0x0000000705c00000| PB 0x0000000705c00000| Untracked |  0
|   8|0x0000000705e00000, 0x0000000705e00000, 0x0000000706000000|  0%| F|  |TAMS 0x0000000705e00000| PB 0x0000000705e00000| Untracked |  0
|   9|0x0000000706000000, 0x0000000706000000, 0x0000000706200000|  0%| F|  |TAMS 0x0000000706000000| PB 0x0000000706000000| Untracked |  0
|  10|0x0000000706200000, 0x0000000706200000, 0x0000000706400000|  0%| F|  |TAMS 0x0000000706200000| PB 0x0000000706200000| Untracked |  0
|  11|0x0000000706400000, 0x0000000706400000, 0x0000000706600000|  0%| F|  |TAMS 0x0000000706400000| PB 0x0000000706400000| Untracked |  0
|  12|0x0000000706600000, 0x0000000706600000, 0x0000000706800000|  0%| F|  |TAMS 0x0000000706600000| PB 0x0000000706600000| Untracked |  0
|  13|0x0000000706800000, 0x0000000706800000, 0x0000000706a00000|  0%| F|  |TAMS 0x0000000706800000| PB 0x0000000706800000| Untracked |  0
|  14|0x0000000706a00000, 0x0000000706a00000, 0x0000000706c00000|  0%| F|  |TAMS 0x0000000706a00000| PB 0x0000000706a00000| Untracked |  0
|  15|0x0000000706c00000, 0x0000000706c00000, 0x0000000706e00000|  0%| F|  |TAMS 0x0000000706c00000| PB 0x0000000706c00000| Untracked |  0
|  16|0x0000000706e00000, 0x0000000706e00000, 0x0000000707000000|  0%| F|  |TAMS 0x0000000706e00000| PB 0x0000000706e00000| Untracked |  0
|  17|0x0000000707000000, 0x0000000707000000, 0x0000000707200000|  0%| F|  |TAMS 0x0000000707000000| PB 0x0000000707000000| Untracked |  0
|  18|0x0000000707200000, 0x0000000707200000, 0x0000000707400000|  0%| F|  |TAMS 0x0000000707200000| PB 0x0000000707200000| Untracked |  0
|  19|0x0000000707400000, 0x0000000707400000, 0x0000000707600000|  0%| F|  |TAMS 0x0000000707400000| PB 0x0000000707400000| Untracked |  0
|  20|0x0000000707600000, 0x0000000707600000, 0x0000000707800000|  0%| F|  |TAMS 0x0000000707600000| PB 0x0000000707600000| Untracked |  0
|  21|0x0000000707800000, 0x0000000707800000, 0x0000000707a00000|  0%| F|  |TAMS 0x0000000707800000| PB 0x0000000707800000| Untracked |  0
|  22|0x0000000707a00000, 0x0000000707a00000, 0x0000000707c00000|  0%| F|  |TAMS 0x0000000707a00000| PB 0x0000000707a00000| Untracked |  0
|  23|0x0000000707c00000, 0x0000000707c00000, 0x0000000707e00000|  0%| F|  |TAMS 0x0000000707c00000| PB 0x0000000707c00000| Untracked |  0
|  24|0x0000000707e00000, 0x0000000707e00000, 0x0000000708000000|  0%| F|  |TAMS 0x0000000707e00000| PB 0x0000000707e00000| Untracked |  0
|  25|0x0000000708000000, 0x0000000708000000, 0x0000000708200000|  0%| F|  |TAMS 0x0000000708000000| PB 0x0000000708000000| Untracked |  0
|  26|0x0000000708200000, 0x0000000708200000, 0x0000000708400000|  0%| F|  |TAMS 0x0000000708200000| PB 0x0000000708200000| Untracked |  0
|  27|0x0000000708400000, 0x0000000708400000, 0x0000000708600000|  0%| F|  |TAMS 0x0000000708400000| PB 0x0000000708400000| Untracked |  0
|  28|0x0000000708600000, 0x0000000708600000, 0x0000000708800000|  0%| F|  |TAMS 0x0000000708600000| PB 0x0000000708600000| Untracked |  0
|  29|0x0000000708800000, 0x0000000708800000, 0x0000000708a00000|  0%| F|  |TAMS 0x0000000708800000| PB 0x0000000708800000| Untracked |  0
|  30|0x0000000708a00000, 0x0000000708a00000, 0x0000000708c00000|  0%| F|  |TAMS 0x0000000708a00000| PB 0x0000000708a00000| Untracked |  0
|  31|0x0000000708c00000, 0x0000000708c00000, 0x0000000708e00000|  0%| F|  |TAMS 0x0000000708c00000| PB 0x0000000708c00000| Untracked |  0
|  32|0x0000000708e00000, 0x0000000708e00000, 0x0000000709000000|  0%| F|  |TAMS 0x0000000708e00000| PB 0x0000000708e00000| Untracked |  0
|  33|0x0000000709000000, 0x0000000709000000, 0x0000000709200000|  0%| F|  |TAMS 0x0000000709000000| PB 0x0000000709000000| Untracked |  0
|  34|0x0000000709200000, 0x0000000709200000, 0x0000000709400000|  0%| F|  |TAMS 0x0000000709200000| PB 0x0000000709200000| Untracked |  0
|  35|0x0000000709400000, 0x0000000709400000, 0x0000000709600000|  0%| F|  |TAMS 0x0000000709400000| PB 0x0000000709400000| Untracked |  0
|  36|0x0000000709600000, 0x0000000709600000, 0x0000000709800000|  0%| F|  |TAMS 0x0000000709600000| PB 0x0000000709600000| Untracked |  0
|  37|0x0000000709800000, 0x0000000709800000, 0x0000000709a00000|  0%| F|  |TAMS 0x0000000709800000| PB 0x0000000709800000| Untracked |  0
|  38|0x0000000709a00000, 0x0000000709a00000, 0x0000000709c00000|  0%| F|  |TAMS 0x0000000709a00000| PB 0x0000000709a00000| Untracked |  0
|  39|0x0000000709c00000, 0x0000000709c00000, 0x0000000709e00000|  0%| F|  |TAMS 0x0000000709c00000| PB 0x0000000709c00000| Untracked |  0
|  40|0x0000000709e00000, 0x0000000709e00000, 0x000000070a000000|  0%| F|  |TAMS 0x0000000709e00000| PB 0x0000000709e00000| Untracked |  0
|  41|0x000000070a000000, 0x000000070a000000, 0x000000070a200000|  0%| F|  |TAMS 0x000000070a000000| PB 0x000000070a000000| Untracked |  0
|  42|0x000000070a200000, 0x000000070a200000, 0x000000070a400000|  0%| F|  |TAMS 0x000000070a200000| PB 0x000000070a200000| Untracked |  0
|  43|0x000000070a400000, 0x000000070a400000, 0x000000070a600000|  0%| F|  |TAMS 0x000000070a400000| PB 0x000000070a400000| Untracked |  0
|  44|0x000000070a600000, 0x000000070a600000, 0x000000070a800000|  0%| F|  |TAMS 0x000000070a600000| PB 0x000000070a600000| Untracked |  0
|  45|0x000000070a800000, 0x000000070a800000, 0x000000070aa00000|  0%| F|  |TAMS 0x000000070a800000| PB 0x000000070a800000| Untracked |  0
|  46|0x000000070aa00000, 0x000000070aa00000, 0x000000070ac00000|  0%| F|  |TAMS 0x000000070aa00000| PB 0x000000070aa00000| Untracked |  0
|  47|0x000000070ac00000, 0x000000070ac00000, 0x000000070ae00000|  0%| F|  |TAMS 0x000000070ac00000| PB 0x000000070ac00000| Untracked |  0
|  48|0x000000070ae00000, 0x000000070ae00000, 0x000000070b000000|  0%| F|  |TAMS 0x000000070ae00000| PB 0x000000070ae00000| Untracked |  0
|  49|0x000000070b000000, 0x000000070b000000, 0x000000070b200000|  0%| F|  |TAMS 0x000000070b000000| PB 0x000000070b000000| Untracked |  0
|  50|0x000000070b200000, 0x000000070b200000, 0x000000070b400000|  0%| F|  |TAMS 0x000000070b200000| PB 0x000000070b200000| Untracked |  0
|  51|0x000000070b400000, 0x000000070b400000, 0x000000070b600000|  0%| F|  |TAMS 0x000000070b400000| PB 0x000000070b400000| Untracked |  0
|  52|0x000000070b600000, 0x000000070b600000, 0x000000070b800000|  0%| F|  |TAMS 0x000000070b600000| PB 0x000000070b600000| Untracked |  0
|  53|0x000000070b800000, 0x000000070b800000, 0x000000070ba00000|  0%| F|  |TAMS 0x000000070b800000| PB 0x000000070b800000| Untracked |  0
|  54|0x000000070ba00000, 0x000000070ba00000, 0x000000070bc00000|  0%| F|  |TAMS 0x000000070ba00000| PB 0x000000070ba00000| Untracked |  0
|  55|0x000000070bc00000, 0x000000070bc00000, 0x000000070be00000|  0%| F|  |TAMS 0x000000070bc00000| PB 0x000000070bc00000| Untracked |  0
|  56|0x000000070be00000, 0x000000070be00000, 0x000000070c000000|  0%| F|  |TAMS 0x000000070be00000| PB 0x000000070be00000| Untracked |  0
|  57|0x000000070c000000, 0x000000070c000000, 0x000000070c200000|  0%| F|  |TAMS 0x000000070c000000| PB 0x000000070c000000| Untracked |  0
|  58|0x000000070c200000, 0x000000070c200000, 0x000000070c400000|  0%| F|  |TAMS 0x000000070c200000| PB 0x000000070c200000| Untracked |  0
|  59|0x000000070c400000, 0x000000070c400000, 0x000000070c600000|  0%| F|  |TAMS 0x000000070c400000| PB 0x000000070c400000| Untracked |  0
|  60|0x000000070c600000, 0x000000070c600000, 0x000000070c800000|  0%| F|  |TAMS 0x000000070c600000| PB 0x000000070c600000| Untracked |  0
|  61|0x000000070c800000, 0x000000070c800000, 0x000000070ca00000|  0%| F|  |TAMS 0x000000070c800000| PB 0x000000070c800000| Untracked |  0
|  62|0x000000070ca00000, 0x000000070ca00000, 0x000000070cc00000|  0%| F|  |TAMS 0x000000070ca00000| PB 0x000000070ca00000| Untracked |  0
|  63|0x000000070cc00000, 0x000000070cc00000, 0x000000070ce00000|  0%| F|  |TAMS 0x000000070cc00000| PB 0x000000070cc00000| Untracked |  0
|  64|0x000000070ce00000, 0x000000070ce00000, 0x000000070d000000|  0%| F|  |TAMS 0x000000070ce00000| PB 0x000000070ce00000| Untracked |  0
|  65|0x000000070d000000, 0x000000070d000000, 0x000000070d200000|  0%| F|  |TAMS 0x000000070d000000| PB 0x000000070d000000| Untracked |  0
|  66|0x000000070d200000, 0x000000070d200000, 0x000000070d400000|  0%| F|  |TAMS 0x000000070d200000| PB 0x000000070d200000| Untracked |  0
|  67|0x000000070d400000, 0x000000070d400000, 0x000000070d600000|  0%| F|  |TAMS 0x000000070d400000| PB 0x000000070d400000| Untracked |  0
|  68|0x000000070d600000, 0x000000070d600000, 0x000000070d800000|  0%| F|  |TAMS 0x000000070d600000| PB 0x000000070d600000| Untracked |  0
|  69|0x000000070d800000, 0x000000070d800000, 0x000000070da00000|  0%| F|  |TAMS 0x000000070d800000| PB 0x000000070d800000| Untracked |  0
|  70|0x000000070da00000, 0x000000070da00000, 0x000000070dc00000|  0%| F|  |TAMS 0x000000070da00000| PB 0x000000070da00000| Untracked |  0
|  71|0x000000070dc00000, 0x000000070dc00000, 0x000000070de00000|  0%| F|  |TAMS 0x000000070dc00000| PB 0x000000070dc00000| Untracked |  0
|  72|0x000000070de00000, 0x000000070de00000, 0x000000070e000000|  0%| F|  |TAMS 0x000000070de00000| PB 0x000000070de00000| Untracked |  0
|  73|0x000000070e000000, 0x000000070e000000, 0x000000070e200000|  0%| F|  |TAMS 0x000000070e000000| PB 0x000000070e000000| Untracked |  0
|  74|0x000000070e200000, 0x000000070e200000, 0x000000070e400000|  0%| F|  |TAMS 0x000000070e200000| PB 0x000000070e200000| Untracked |  0
|  75|0x000000070e400000, 0x000000070e400000, 0x000000070e600000|  0%| F|  |TAMS 0x000000070e400000| PB 0x000000070e400000| Untracked |  0
|  76|0x000000070e600000, 0x000000070e600000, 0x000000070e800000|  0%| F|  |TAMS 0x000000070e600000| PB 0x000000070e600000| Untracked |  0
|  77|0x000000070e800000, 0x000000070e800000, 0x000000070ea00000|  0%| F|  |TAMS 0x000000070e800000| PB 0x000000070e800000| Untracked |  0
|  78|0x000000070ea00000, 0x000000070ea00000, 0x000000070ec00000|  0%| F|  |TAMS 0x000000070ea00000| PB 0x000000070ea00000| Untracked |  0
|  79|0x000000070ec00000, 0x000000070ec00000, 0x000000070ee00000|  0%| F|  |TAMS 0x000000070ec00000| PB 0x000000070ec00000| Untracked |  0
|  80|0x000000070ee00000, 0x000000070ee00000, 0x000000070f000000|  0%| F|  |TAMS 0x000000070ee00000| PB 0x000000070ee00000| Untracked |  0
|  81|0x000000070f000000, 0x000000070f000000, 0x000000070f200000|  0%| F|  |TAMS 0x000000070f000000| PB 0x000000070f000000| Untracked |  0
|  82|0x000000070f200000, 0x000000070f200000, 0x000000070f400000|  0%| F|  |TAMS 0x000000070f200000| PB 0x000000070f200000| Untracked |  0
|  83|0x000000070f400000, 0x000000070f400000, 0x000000070f600000|  0%| F|  |TAMS 0x000000070f400000| PB 0x000000070f400000| Untracked |  0
|  84|0x000000070f600000, 0x000000070f600000, 0x000000070f800000|  0%| F|  |TAMS 0x000000070f600000| PB 0x000000070f600000| Untracked |  0
|  85|0x000000070f800000, 0x000000070f800000, 0x000000070fa00000|  0%| F|  |TAMS 0x000000070f800000| PB 0x000000070f800000| Untracked |  0
|  86|0x000000070fa00000, 0x000000070fa00000, 0x000000070fc00000|  0%| F|  |TAMS 0x000000070fa00000| PB 0x000000070fa00000| Untracked |  0
|  87|0x000000070fc00000, 0x000000070fc00000, 0x000000070fe00000|  0%| F|  |TAMS 0x000000070fc00000| PB 0x000000070fc00000| Untracked |  0
|  88|0x000000070fe00000, 0x000000070fe00000, 0x0000000710000000|  0%| F|  |TAMS 0x000000070fe00000| PB 0x000000070fe00000| Untracked |  0
|  89|0x0000000710000000, 0x0000000710000000, 0x0000000710200000|  0%| F|  |TAMS 0x0000000710000000| PB 0x0000000710000000| Untracked |  0
|  90|0x0000000710200000, 0x0000000710200000, 0x0000000710400000|  0%| F|  |TAMS 0x0000000710200000| PB 0x0000000710200000| Untracked |  0
|  91|0x0000000710400000, 0x0000000710400000, 0x0000000710600000|  0%| F|  |TAMS 0x0000000710400000| PB 0x0000000710400000| Untracked |  0
|  92|0x0000000710600000, 0x0000000710600000, 0x0000000710800000|  0%| F|  |TAMS 0x0000000710600000| PB 0x0000000710600000| Untracked |  0
|  93|0x0000000710800000, 0x0000000710800000, 0x0000000710a00000|  0%| F|  |TAMS 0x0000000710800000| PB 0x0000000710800000| Untracked |  0
|  94|0x0000000710a00000, 0x0000000710a00000, 0x0000000710c00000|  0%| F|  |TAMS 0x0000000710a00000| PB 0x0000000710a00000| Untracked |  0
|  95|0x0000000710c00000, 0x0000000710c00000, 0x0000000710e00000|  0%| F|  |TAMS 0x0000000710c00000| PB 0x0000000710c00000| Untracked |  0
|  96|0x0000000710e00000, 0x0000000710e00000, 0x0000000711000000|  0%| F|  |TAMS 0x0000000710e00000| PB 0x0000000710e00000| Untracked |  0
|  97|0x0000000711000000, 0x0000000711000000, 0x0000000711200000|  0%| F|  |TAMS 0x0000000711000000| PB 0x0000000711000000| Untracked |  0
|  98|0x0000000711200000, 0x0000000711200000, 0x0000000711400000|  0%| F|  |TAMS 0x0000000711200000| PB 0x0000000711200000| Untracked |  0
|  99|0x0000000711400000, 0x0000000711400000, 0x0000000711600000|  0%| F|  |TAMS 0x0000000711400000| PB 0x0000000711400000| Untracked |  0
| 100|0x0000000711600000, 0x0000000711600000, 0x0000000711800000|  0%| F|  |TAMS 0x0000000711600000| PB 0x0000000711600000| Untracked |  0
| 101|0x0000000711800000, 0x0000000711800000, 0x0000000711a00000|  0%| F|  |TAMS 0x0000000711800000| PB 0x0000000711800000| Untracked |  0
| 102|0x0000000711a00000, 0x0000000711a00000, 0x0000000711c00000|  0%| F|  |TAMS 0x0000000711a00000| PB 0x0000000711a00000| Untracked |  0
| 103|0x0000000711c00000, 0x0000000711c00000, 0x0000000711e00000|  0%| F|  |TAMS 0x0000000711c00000| PB 0x0000000711c00000| Untracked |  0
| 104|0x0000000711e00000, 0x0000000711e00000, 0x0000000712000000|  0%| F|  |TAMS 0x0000000711e00000| PB 0x0000000711e00000| Untracked |  0
| 105|0x0000000712000000, 0x0000000712000000, 0x0000000712200000|  0%| F|  |TAMS 0x0000000712000000| PB 0x0000000712000000| Untracked |  0
| 106|0x0000000712200000, 0x0000000712200000, 0x0000000712400000|  0%| F|  |TAMS 0x0000000712200000| PB 0x0000000712200000| Untracked |  0
| 107|0x0000000712400000, 0x0000000712400000, 0x0000000712600000|  0%| F|  |TAMS 0x0000000712400000| PB 0x0000000712400000| Untracked |  0
| 108|0x0000000712600000, 0x0000000712600000, 0x0000000712800000|  0%| F|  |TAMS 0x0000000712600000| PB 0x0000000712600000| Untracked |  0
| 109|0x0000000712800000, 0x0000000712800000, 0x0000000712a00000|  0%| F|  |TAMS 0x0000000712800000| PB 0x0000000712800000| Untracked |  0
| 110|0x0000000712a00000, 0x0000000712a00000, 0x0000000712c00000|  0%| F|  |TAMS 0x0000000712a00000| PB 0x0000000712a00000| Untracked |  0
| 111|0x0000000712c00000, 0x0000000712c00000, 0x0000000712e00000|  0%| F|  |TAMS 0x0000000712c00000| PB 0x0000000712c00000| Untracked |  0
| 112|0x0000000712e00000, 0x0000000712e00000, 0x0000000713000000|  0%| F|  |TAMS 0x0000000712e00000| PB 0x0000000712e00000| Untracked |  0
| 113|0x0000000713000000, 0x0000000713000000, 0x0000000713200000|  0%| F|  |TAMS 0x0000000713000000| PB 0x0000000713000000| Untracked |  0
| 114|0x0000000713200000, 0x0000000713200000, 0x0000000713400000|  0%| F|  |TAMS 0x0000000713200000| PB 0x0000000713200000| Untracked |  0
| 115|0x0000000713400000, 0x0000000713400000, 0x0000000713600000|  0%| F|  |TAMS 0x0000000713400000| PB 0x0000000713400000| Untracked |  0
| 116|0x0000000713600000, 0x0000000713600000, 0x0000000713800000|  0%| F|  |TAMS 0x0000000713600000| PB 0x0000000713600000| Untracked |  0
| 117|0x0000000713800000, 0x0000000713800000, 0x0000000713a00000|  0%| F|  |TAMS 0x0000000713800000| PB 0x0000000713800000| Untracked |  0
| 118|0x0000000713a00000, 0x0000000713a00000, 0x0000000713c00000|  0%| F|  |TAMS 0x0000000713a00000| PB 0x0000000713a00000| Untracked |  0
| 119|0x0000000713c00000, 0x0000000713c00000, 0x0000000713e00000|  0%| F|  |TAMS 0x0000000713c00000| PB 0x0000000713c00000| Untracked |  0
| 120|0x0000000713e00000, 0x0000000713e00000, 0x0000000714000000|  0%| F|  |TAMS 0x0000000713e00000| PB 0x0000000713e00000| Untracked |  0
| 121|0x0000000714000000, 0x00000007140f5c48, 0x0000000714200000| 48%| E|  |TAMS 0x0000000714000000| PB 0x0000000714000000| Complete |  0
| 122|0x0000000714200000, 0x0000000714400000, 0x0000000714400000|100%| E|CS|TAMS 0x0000000714200000| PB 0x0000000714200000| Complete |  0
| 123|0x0000000714400000, 0x0000000714600000, 0x0000000714600000|100%| E|  |TAMS 0x0000000714400000| PB 0x0000000714400000| Complete |  0
| 124|0x0000000714600000, 0x0000000714800000, 0x0000000714800000|100%| E|CS|TAMS 0x0000000714600000| PB 0x0000000714600000| Complete |  0
| 125|0x0000000714800000, 0x0000000714a00000, 0x0000000714a00000|100%| E|CS|TAMS 0x0000000714800000| PB 0x0000000714800000| Complete |  0
|2008|0x00000007ffe00000, 0x00000007fff256a0, 0x0000000800000000| 57%| O|  |TAMS 0x00000007ffe00000| PB 0x00000007ffe00000| Untracked |  0

Card table byte_map: [0x000001f6eb6a0000,0x000001f6ebe80000] _byte_map_base: 0x000001f6e7e79000

Marking Bits: (CMBitMap*) 0x000001f6d3046780
 Bits: [0x000001f6ebe80000, 0x000001f6efd48000)

Polling page: 0x000001f6d1000000

Metaspace:
Metaspace        used 692K, committed 896K, reserved 1114112K
 class space     used 37K, committed 128K, reserved 1048576K

Usage:
  Non-class:    655.09 KB used.
      Class:     37.34 KB used.
       Both:    692.44 KB used.

Virtual space:
  Non-class space:       64.00 MB reserved,     768.00 KB (  1%) committed,  1 nodes.
      Class space:        1.00 GB reserved,     128.00 KB ( <1%) committed,  1 nodes.
             Both:        1.06 GB reserved,     896.00 KB ( <1%) committed. 

Chunk freelists:
   Non-Class:  11.99 MB
       Class:  15.75 MB
        Both:  27.74 MB

MaxMetaspaceSize: unlimited
CompressedClassSpaceSize: 1.00 GB
Initial GC threshold: 21.00 MB
Current GC threshold: 21.00 MB
CDS: on
 - commit_granule_bytes: 65536.
 - commit_granule_words: 8192.
 - virtual_space_node_default_size: 8388608.
 - enlarge_chunks_in_place: 1.
UseCompressedClassPointers 1, UseCompactObjectHeaders 0
Narrow klass pointer bits 32, Max shift 3
Narrow klass base: 0x0000000009000000, Narrow klass shift: 0
Encoding Range: [0x0000000009000000 - 0x0000000109000000), (4294967296 bytes)
Klass Range:    [0x0000000009010000 - 0x000000004a000000), (1090453504 bytes)
Klass ID Range:  [65536 - 1090519033) (1090453497)
Protection zone: [0x0000000009000000 - 0x0000000009010000), (65536 bytes)


Internal statistics:

num_allocs_failed_limit: 0.
num_arena_births: 8.
num_arena_deaths: 0.
num_vsnodes_births: 2.
num_vsnodes_deaths: 0.
num_space_committed: 14.
num_space_uncommitted: 0.
num_chunks_returned_to_freelist: 0.
num_chunks_taken_from_freelist: 8.
num_chunk_merges: 0.
num_chunk_splits: 7.
num_chunks_enlarged: 3.
num_inconsistent_stats: 0.

CodeHeap 'non-profiled nmethods': size=120064Kb used=149Kb max_used=149Kb free=119914Kb
 bounds [0x000001f6e3320000, 0x000001f6e3590000, 0x000001f6ea860000]
CodeHeap 'profiled nmethods': size=120000Kb used=478Kb max_used=478Kb free=119521Kb
 bounds [0x000001f6db860000, 0x000001f6dbad0000, 0x000001f6e2d90000]
CodeHeap 'non-nmethods': size=5696Kb used=1308Kb max_used=1361Kb free=4388Kb
 bounds [0x000001f6e2d90000, 0x000001f6e3000000, 0x000001f6e3320000]
CodeCache: size=245760Kb, used=1935Kb, max_used=1988Kb, free=243823Kb
 total_blobs=925, nmethods=496, adapters=332, full_count=0
Compilation: enabled, stopped_count=0, restarted_count=0

Compilation events (20 events):
Event: 0.129 Thread 0x000001f6f275d210 nmethod 408 0x000001f6db8c7388 code [0x000001f6db8c7480, 0x000001f6db8c75a0]
Event: 0.130 Thread 0x000001f6f275d210  409       3       jdk.internal.module.ModuleInfo$CountingDataInput::readUnsignedByte (22 bytes)
Event: 0.130 Thread 0x000001f6f275d210 nmethod 409 0x000001f6db8c7688 code [0x000001f6db8c7780, 0x000001f6db8c7970]
Event: 0.130 Thread 0x000001f6f275d210  410       3       java.io.DataInputStream::readUnsignedByte (22 bytes)
Event: 0.130 Thread 0x000001f6f275d210 nmethod 410 0x000001f6db8c7988 code [0x000001f6db8c7a80, 0x000001f6db8c7cf8]
Event: 0.130 Thread 0x000001f6f275d210  411       3       jdk.internal.module.ModuleInfo$ConstantPool$Entry::<init> (10 bytes)
Event: 0.130 Thread 0x000001f6f275d210 nmethod 411 0x000001f6db8c7d08 code [0x000001f6db8c7e00, 0x000001f6db8c7f68]
Event: 0.130 Thread 0x000001f6f275d210  412       3       java.util.zip.InflaterInputStream::read (32 bytes)
Event: 0.131 Thread 0x000001f6f275d210 nmethod 412 0x000001f6db8c8008 code [0x000001f6db8c8100, 0x000001f6db8c8500]
Event: 0.132 Thread 0x000001f6f275d210  415       3       java.util.HashMap::containsKey (14 bytes)
Event: 0.132 Thread 0x000001f6f275d210 nmethod 415 0x000001f6db8c8508 code [0x000001f6db8c8600, 0x000001f6db8c8800]
Event: 0.132 Thread 0x000001f6f275d210  416       3       java.util.ImmutableCollections$Set12$1::hasNext (13 bytes)
Event: 0.132 Thread 0x000001f6f275d210 nmethod 416 0x000001f6db8c8808 code [0x000001f6db8c8900, 0x000001f6db8c8a58]
Event: 0.133 Thread 0x000001f6f275d210  419       3       java.util.HashMap::resize (356 bytes)
Event: 0.134 Thread 0x000001f6f275d210 nmethod 419 0x000001f6db8c8b08 code [0x000001f6db8c8c20, 0x000001f6db8c9ee0]
Event: 0.134 Thread 0x000001f6f275d210  420       3       java.util.HashMap::get (19 bytes)
Event: 0.134 Thread 0x000001f6f275d210 nmethod 420 0x000001f6db8c9f08 code [0x000001f6db8ca000, 0x000001f6db8ca230]
Event: 0.134 Thread 0x000001f6f275d210  426       3       java.util.HashMap::containsKey (14 bytes)
Event: 0.134 Thread 0x000001f6f275d210 nmethod 426 0x000001f6db8ca288 code [0x000001f6db8ca380, 0x000001f6db8ca580]
Event: 0.134 Thread 0x000001f6f275d210  425       3       java.lang.module.ModuleDescriptor::hashCode (170 bytes)

GC Heap Usage History (0 events):
No events

Metaspace Usage History (0 events):
No events

Dll operation events (4 events):
Event: 0.009 Loaded shared library C:\Program Files\Java\jdk-25\bin\java.dll
Event: 0.057 Loaded shared library C:\Program Files\Java\jdk-25\bin\net.dll
Event: 0.061 Loaded shared library C:\Program Files\Java\jdk-25\bin\nio.dll
Event: 0.069 Loaded shared library C:\Program Files\Java\jdk-25\bin\zip.dll

Deoptimization events (20 events):
Event: 0.072 Thread 0x000001f6d2fe2d60 DEOPT PACKING pc=0x000001f6e3328874 sp=0x000000a9d12fdce0
Event: 0.072 Thread 0x000001f6d2fe2d60 DEOPT UNPACKING pc=0x000001f6e2eb0b82 sp=0x000000a9d12fdc10 mode 2
Event: 0.072 Thread 0x000001f6d2fe2d60 Uncommon trap: trap_request=0xffffff45 fr.pc=0x000001f6e3327f78 relative=0x0000000000000078
Event: 0.072 Thread 0x000001f6d2fe2d60 Uncommon trap: reason=unstable_if action=reinterpret pc=0x000001f6e3327f78 method=jdk.internal.misc.Unsafe.convEndian(ZS)S @ 4 c2
Event: 0.072 Thread 0x000001f6d2fe2d60 DEOPT PACKING pc=0x000001f6e3327f78 sp=0x000000a9d12fdce0
Event: 0.072 Thread 0x000001f6d2fe2d60 DEOPT UNPACKING pc=0x000001f6e2eb0b82 sp=0x000000a9d12fdc10 mode 2
Event: 0.089 Thread 0x000001f6d2fe2d60 DEOPT PACKING pc=0x000001f6db89aaff sp=0x000000a9d12fd8d0
Event: 0.089 Thread 0x000001f6d2fe2d60 DEOPT UNPACKING pc=0x000001f6e2de1702 sp=0x000000a9d12fcd60 mode 0
Event: 0.097 Thread 0x000001f6d2fe2d60 Uncommon trap: trap_request=0xffffff45 fr.pc=0x000001f6e332fa50 relative=0x0000000000000850
Event: 0.097 Thread 0x000001f6d2fe2d60 Uncommon trap: reason=unstable_if action=reinterpret pc=0x000001f6e332fa50 method=java.lang.CharacterDataLatin1.isJavaIdentifierPart(I)Z @ 11 c2
Event: 0.097 Thread 0x000001f6d2fe2d60 DEOPT PACKING pc=0x000001f6e332fa50 sp=0x000000a9d12fd840
Event: 0.097 Thread 0x000001f6d2fe2d60 DEOPT UNPACKING pc=0x000001f6e2eb0b82 sp=0x000000a9d12fd710 mode 2
Event: 0.118 Thread 0x000001f6d2fe2d60 Uncommon trap: trap_request=0xffffff45 fr.pc=0x000001f6e3331f58 relative=0x0000000000000058
Event: 0.118 Thread 0x000001f6d2fe2d60 Uncommon trap: reason=unstable_if action=reinterpret pc=0x000001f6e3331f58 method=java.lang.String.isEmpty()Z @ 5 c2
Event: 0.118 Thread 0x000001f6d2fe2d60 DEOPT PACKING pc=0x000001f6e3331f58 sp=0x000000a9d12fd750
Event: 0.118 Thread 0x000001f6d2fe2d60 DEOPT UNPACKING pc=0x000001f6e2eb0b82 sp=0x000000a9d12fd6e0 mode 2
Event: 0.121 Thread 0x000001f6d2fe2d60 Uncommon trap: trap_request=0xffffff45 fr.pc=0x000001f6e3334d88 relative=0x0000000000000788
Event: 0.121 Thread 0x000001f6d2fe2d60 Uncommon trap: reason=unstable_if action=reinterpret pc=0x000001f6e3334d88 method=java.util.ImmutableCollections$SetN.contains(Ljava/lang/Object;)Z @ 9 c2
Event: 0.121 Thread 0x000001f6d2fe2d60 DEOPT PACKING pc=0x000001f6e3334d88 sp=0x000000a9d12fe890
Event: 0.121 Thread 0x000001f6d2fe2d60 DEOPT UNPACKING pc=0x000001f6e2eb0b82 sp=0x000000a9d12fe850 mode 2

Classes loaded (20 events):
Event: 0.105 Loading class java/nio/file/DirectoryStream$Filter done
Event: 0.105 Loading class java/nio/file/Files$AcceptAllFilter done
Event: 0.105 Loading class sun/nio/fs/WindowsDirectoryStream
Event: 0.105 Loading class java/nio/file/DirectoryStream
Event: 0.105 Loading class java/nio/file/DirectoryStream done
Event: 0.105 Loading class sun/nio/fs/WindowsDirectoryStream done
Event: 0.106 Loading class java/nio/file/FileTreeWalker$DirectoryNode
Event: 0.106 Loading class java/nio/file/FileTreeWalker$DirectoryNode done
Event: 0.106 Loading class sun/nio/fs/WindowsDirectoryStream$WindowsDirectoryIterator
Event: 0.106 Loading class sun/nio/fs/WindowsDirectoryStream$WindowsDirectoryIterator done
Event: 0.106 Loading class java/nio/file/FileTreeWalker$Event
Event: 0.106 Loading class java/nio/file/FileTreeWalker$Event done
Event: 0.106 Loading class java/nio/file/FileTreeWalker$EventType
Event: 0.106 Loading class java/nio/file/FileTreeWalker$EventType done
Event: 0.111 Loading class sun/nio/fs/WindowsPath$WindowsPathWithAttributes
Event: 0.112 Loading class sun/nio/fs/BasicFileAttributesHolder
Event: 0.112 Loading class sun/nio/fs/BasicFileAttributesHolder done
Event: 0.112 Loading class sun/nio/fs/WindowsPath$WindowsPathWithAttributes done
Event: 0.134 Loading class jdk/internal/module/ModuleReferenceImpl$CachedHash
Event: 0.134 Loading class jdk/internal/module/ModuleReferenceImpl$CachedHash done

Classes unloaded (0 events):
No events

Classes redefined (0 events):
No events

Internal exceptions (2 events):
Event: 0.106 Thread 0x000001f6d2fe2d60 Exception <a 'java/lang/NoSuchMethodError'{0x0000000714565518}: 'void java.lang.invoke.DirectMethodHandle$Holder.invokeVirtual(java.lang.Object, java.lang.Object)'> (0x0000000714565518) 
thrown [s\open\src\hotspot\share\interpreter\linkResolver.cpp, line 804]
Event: 0.109 Thread 0x000001f6d2fe2d60 Exception <a 'java/lang/NoSuchMethodError'{0x0000000714583e28}: 'java.lang.Object java.lang.invoke.DirectMethodHandle$Holder.invokeInterface(java.lang.Object, java.lang.Object, java.lang.Object)'> (0x0000000714583e28) 
thrown [s\open\src\hotspot\share\interpreter\linkResolver.cpp, line 804]

VM Operations (4 events):
Event: 0.133 Executing non-safepoint VM operation: HandshakeAllThreads (Deoptimize)
Event: 0.133 Executing non-safepoint VM operation: HandshakeAllThreads (Deoptimize) done
Event: 0.134 Executing non-safepoint VM operation: HandshakeAllThreads (Deoptimize)
Event: 0.134 Executing non-safepoint VM operation: HandshakeAllThreads (Deoptimize) done

Memory protections (0 events):
No events

Nmethod flushes (0 events):
No events

Events (12 events):
Event: 0.022 Thread 0x000001f6d2fe2d60 Thread added: 0x000001f6d2fe2d60
Event: 0.032 Thread 0x000001f6d2fe2d60 Thread added: 0x000001f6f2751020
Event: 0.032 Thread 0x000001f6d2fe2d60 Thread added: 0x000001f6f2749f90
Event: 0.033 Thread 0x000001f6d2fe2d60 Thread added: 0x000001f6f274dd90
Event: 0.033 Thread 0x000001f6d2fe2d60 Thread added: 0x000001f6d309da70
Event: 0.033 Thread 0x000001f6d2fe2d60 Thread added: 0x000001f6f2753790
Event: 0.033 Thread 0x000001f6d2fe2d60 Thread added: 0x000001f6f27556d0
Event: 0.033 Thread 0x000001f6d2fe2d60 Thread added: 0x000001f6f275bff0
Event: 0.033 Thread 0x000001f6d2fe2d60 Thread added: 0x000001f6f275d210
Event: 0.055 Thread 0x000001f6d2fe2d60 Thread added: 0x000001f6f2752fc0
Event: 0.066 Thread 0x000001f6f275d210 Thread added: 0x000001f6f2a9e5d0
Event: 0.090 Thread 0x000001f6f275d210 Thread added: 0x000001f6f2bca7c0


Dynamic libraries:
0x00007ff6593e0000 - 0x00007ff6593f0000 	C:\Program Files\Java\jdk-25\bin\java.exe
0x00007ffaaa200000 - 0x00007ffaaa467000 	C:\WINDOWS\SYSTEM32\ntdll.dll
0x00007ffaa92d0000 - 0x00007ffaa9399000 	C:\WINDOWS\System32\KERNEL32.DLL
0x00007ffaa7350000 - 0x00007ffaa773f000 	C:\WINDOWS\System32\KERNELBASE.dll
0x00007ffaa7750000 - 0x00007ffaa789b000 	C:\WINDOWS\System32\ucrtbase.dll
0x00007ffa88350000 - 0x00007ffa88367000 	C:\Program Files\Java\jdk-25\bin\jli.dll
0x00007ffa88a20000 - 0x00007ffa88a3e000 	C:\Program Files\Java\jdk-25\bin\VCRUNTIME140.dll
0x00007ffaa9c50000 - 0x00007ffaa9e15000 	C:\WINDOWS\System32\USER32.dll
0x00007ffaa7d50000 - 0x00007ffaa7d77000 	C:\WINDOWS\System32\win32u.dll
0x00007ffa89e00000 - 0x00007ffa8a093000 	C:\WINDOWS\WinSxS\amd64_microsoft.windows.common-controls_6595b64144ccf1df_6.0.26100.7309_none_3e05feeae336a044\COMCTL32.dll
0x00007ffaa7fa0000 - 0x00007ffaa7fcb000 	C:\WINDOWS\System32\GDI32.dll
0x00007ffaa82b0000 - 0x00007ffaa8359000 	C:\WINDOWS\System32\msvcrt.dll
0x00007ffaa7c20000 - 0x00007ffaa7d4c000 	C:\WINDOWS\System32\gdi32full.dll
0x00007ffaa7930000 - 0x00007ffaa79d3000 	C:\WINDOWS\System32\msvcp_win.dll
0x00007ffaa93a0000 - 0x00007ffaa93d1000 	C:\WINDOWS\System32\IMM32.DLL
0x00007ffaa3d60000 - 0x00007ffaa3d6c000 	C:\Program Files\Java\jdk-25\bin\vcruntime140_1.dll
0x00007ffa7bcd0000 - 0x00007ffa7bd5d000 	C:\Program Files\Java\jdk-25\bin\msvcp140.dll
0x00007ffa20780000 - 0x00007ffa215df000 	C:\Program Files\Java\jdk-25\bin\server\jvm.dll
0x00007ffaa9f90000 - 0x00007ffaaa044000 	C:\WINDOWS\System32\ADVAPI32.dll
0x00007ffaa8c30000 - 0x00007ffaa8cd6000 	C:\WINDOWS\System32\sechost.dll
0x00007ffaa9e70000 - 0x00007ffaa9f88000 	C:\WINDOWS\System32\RPCRT4.dll
0x00007ffaa8230000 - 0x00007ffaa82a4000 	C:\WINDOWS\System32\WS2_32.dll
0x00007ffaa71b0000 - 0x00007ffaa720e000 	C:\WINDOWS\SYSTEM32\POWRPROF.dll
0x00007ffa99c50000 - 0x00007ffa99c5b000 	C:\WINDOWS\SYSTEM32\VERSION.dll
0x00007ffaa38c0000 - 0x00007ffaa38f5000 	C:\WINDOWS\SYSTEM32\WINMM.dll
0x00007ffaa7190000 - 0x00007ffaa71a4000 	C:\WINDOWS\SYSTEM32\UMPDC.dll
0x00007ffaa6100000 - 0x00007ffaa611b000 	C:\WINDOWS\SYSTEM32\kernel.appcore.dll
0x00007ffa99a10000 - 0x00007ffa99a1a000 	C:\Program Files\Java\jdk-25\bin\jimage.dll
0x00007ffaa47b0000 - 0x00007ffaa49f2000 	C:\WINDOWS\SYSTEM32\DBGHELP.DLL
0x00007ffaa8dd0000 - 0x00007ffaa9155000 	C:\WINDOWS\System32\combase.dll
0x00007ffaaa0e0000 - 0x00007ffaaa1b6000 	C:\WINDOWS\System32\OLEAUT32.dll
0x00007ffaa3880000 - 0x00007ffaa38bc000 	C:\WINDOWS\SYSTEM32\dbgcore.DLL
0x00007ffaa7ef0000 - 0x00007ffaa7f95000 	C:\WINDOWS\System32\bcryptPrimitives.dll
0x00007ffa99000000 - 0x00007ffa99010000 	C:\Program Files\Java\jdk-25\bin\instrument.dll
0x00007ffa87930000 - 0x00007ffa8794f000 	C:\Program Files\Java\jdk-25\bin\java.dll
0x00007ffaa8a90000 - 0x00007ffaa8c27000 	C:\WINDOWS\System32\ole32.dll
0x00007ffaa9450000 - 0x00007ffaa9ba3000 	C:\WINDOWS\System32\SHELL32.dll
0x00007ffaa7d80000 - 0x00007ffaa7eea000 	C:\WINDOWS\System32\wintypes.dll
0x00007ffaa4f30000 - 0x00007ffaa578e000 	C:\WINDOWS\SYSTEM32\windows.storage.dll
0x00007ffaa8120000 - 0x00007ffaa8215000 	C:\WINDOWS\System32\SHCORE.dll
0x00007ffaa8d60000 - 0x00007ffaa8dc6000 	C:\WINDOWS\System32\shlwapi.dll
0x00007ffaa7270000 - 0x00007ffaa7299000 	C:\WINDOWS\SYSTEM32\profapi.dll
0x00007ffa86d80000 - 0x00007ffa86d92000 	C:\Program Files\Java\jdk-25\bin\net.dll
0x00007ffaa6670000 - 0x00007ffaa66db000 	C:\WINDOWS\system32\mswsock.dll
0x00007ffa86d60000 - 0x00007ffa86d76000 	C:\Program Files\Java\jdk-25\bin\nio.dll
0x00007ffa86d40000 - 0x00007ffa86d57000 	C:\Program Files\Java\jdk-25\bin\zip.dll

JVMTI agents:
E:\Intellij\IntelliJ IDEA Community Edition 2025.2.4\lib\idea_rt.jar path:C:\Program Files\Java\jdk-25\bin\instrument.dll, loaded, initialized, instrumentlib options:50451

dbghelp: loaded successfully - version: 4.0.5 - missing functions: none
symbol engine: initialized successfully - sym options: 0x614 - pdb path: .;C:\Program Files\Java\jdk-25\bin;C:\WINDOWS\SYSTEM32;C:\WINDOWS\WinSxS\amd64_microsoft.windows.common-controls_6595b64144ccf1df_6.0.26100.7309_none_3e05feeae336a044;C:\Program Files\Java\jdk-25\bin\server

VM Arguments:
jvm_args: -javaagent:E:\Intellij\IntelliJ IDEA Community Edition 2025.2.4\lib\idea_rt.jar=50451 -Dfile.encoding=UTF-8 -Dsun.stdout.encoding=UTF-8 -Dsun.stderr.encoding=UTF-8 --module-path=C:\Users\Khai\.m2\repository\org\openjfx\javafx-graphics\21.0.6\javafx-graphics-21.0.6-win.jar;C:\Users\Khai\.m2\repository\org\openjfx\javafx-media\21.0.3\javafx-media-21.0.3-win.jar;E:\Project 1\MemoryCardGame\target\classes;C:\Users\Khai\.m2\repository\org\openjfx\javafx-controls\21.0.6\javafx-controls-21.0.6-win.jar;C:\Users\Khai\.m2\repository\org\openjfx\javafx-fxml\21.0.6\javafx-fxml-21.0.6-win.jar;C:\Users\Khai\.m2\repository\org\openjfx\javafx-base\21.0.6\javafx-base-21.0.6-win.jar -Djdk.module.main=com.example.memorycardgame 
java_command: com.example.memorycardgame/com.example.memorycardgame.Main
java_class_path (initial): C:\Users\Khai\.m2\repository\org\openjfx\javafx-controls\21.0.6\javafx-controls-21.0.6.jar;C:\Users\Khai\.m2\repository\org\openjfx\javafx-graphics\21.0.6\javafx-graphics-21.0.6.jar;C:\Users\Khai\.m2\repository\org\openjfx\javafx-base\21.0.6\javafx-base-21.0.6.jar;C:\Users\Khai\.m2\repository\org\openjfx\javafx-fxml\21.0.6\javafx-fxml-21.0.6.jar
Launcher Type: SUN_STANDARD

[Global flags]
     intx CICompilerCount                          = 4                                         {product} {ergonomic}
     uint ConcGCThreads                            = 3                                         {product} {ergonomic}
     uint G1ConcRefinementThreads                  = 10                                        {product} {ergonomic}
   size_t G1HeapRegionSize                         = 2097152                                   {product} {ergonomic}
   size_t InitialHeapSize                          = 264241152                                 {product} {ergonomic}
   size_t MarkStackSize                            = 4194304                                   {product} {ergonomic}
   size_t MarkStackSizeMax                         = 536870912                                 {product} {ergonomic}
   size_t MaxHeapSize                              = 4213178368                                {product} {ergonomic}
   size_t MaxNewSize                               = 2527068160                                {product} {ergonomic}
   size_t MinHeapDeltaBytes                        = 2097152                                   {product} {ergonomic}
   size_t MinHeapSize                              = 8388608                                   {product} {ergonomic}
    uintx NonNMethodCodeHeapSize                   = 5832704                                {pd product} {ergonomic}
    uintx NonProfiledCodeHeapSize                  = 122945536                              {pd product} {ergonomic}
    uintx ProfiledCodeHeapSize                     = 122880000                              {pd product} {ergonomic}
    uintx ReservedCodeCacheSize                    = 251658240                              {pd product} {ergonomic}
     bool SegmentedCodeCache                       = true                                      {product} {ergonomic}
   size_t SoftMaxHeapSize                          = 4213178368                             {manageable} {ergonomic}
     bool UseCompressedOops                        = true                           {product lp64_product} {ergonomic}
     bool UseG1GC                                  = true                                      {product} {ergonomic}
     bool UseLargePagesIndividualAllocation        = false                                  {pd product} {ergonomic}

Logging:
Log output configuration:
 #0: stdout all=warning uptime,level,tags foldmultilines=false
 #1: stderr all=off uptime,level,tags foldmultilines=false

Release file:
<release file has not been read>
Environment Variables:
PATH=C:\Program Files\Common Files\Oracle\Java\javapath;C:\Windows\system32;C:\Windows;C:\Windows\System32\Wbem;C:\Windows\System32\WindowsPowerShell\v1.0\;C:\Windows\System32\OpenSSH\;C:\Program Files\dotnet\;C:\Program Files (x86)\NVIDIA Corporation\PhysX\Common;C:\Program Files\NVIDIA Corporation\NVIDIA NvDLISR;C:\Program Files (x86)\dotnet\;C:\MinGW\bin;C:\WINDOWS\system32;C:\WINDOWS;C:\WINDOWS\System32\Wbem;C:\WINDOWS\System32\WindowsPowerShell\v1.0\;C:\WINDOWS\System32\OpenSSH\;C:\Program Files (x86)\Microsoft SQL Server\160\Tools\Binn\;C:\Program Files\Microsoft SQL Server\160\Tools\Binn\;C:\Program Files\Microsoft SQL Server\Client SDK\ODBC\170\Tools\Binn\;C:\Program Files\Microsoft SQL Server\160\DTS\Binn\;C:\Program Files\Cloudflare\Cloudflare WARP\;C:\Program Files\Git\cmd;C:\Users\Khai\AppData\Local\Microsoft\WindowsApps;C:\Users\Khai\AppData\Local\Programs\Microsoft VS Code\bin;E:\Intellij\IntelliJ IDEA Community Edition 2025.2.4\bin
USERNAME=Khai
OS=Windows_NT
PROCESSOR_IDENTIFIER=Intel64 Family 6 Model 186 Stepping 3, GenuineIntel
TMP=C:\Users\Khai\AppData\Local\Temp
TEMP=C:\Users\Khai\AppData\Local\Temp




Compilation memory statistics disabled.

Periodic native trim disabled

---------------  S Y S T E M  ---------------

OS:
 Windows 11 , 64 bit Build 26100 (10.0.26100.7309)
OS uptime: 0 days 3:47 hours
Hyper-V role detected

CPU: total 12 (initial active 12) (6 cores per cpu, 2 threads per core) family 6 model 186 stepping 3 microcode 0x4128, cx8, cmov, fxsr, ht, mmx, 3dnowpref, sse, sse2, sse3, ssse3, sse4.1, sse4.2, popcnt, lzcnt, tsc, tscinvbit, avx, avx2, aes, erms, clmul, bmi1, bmi2, adx, sha, fma, vzeroupper, clflush, clflushopt, clwb, hv, serialize, rdtscp, rdpid, fsrm, gfni, f16c, cet_ibt, cet_ss
Processor Information for processor 0
  Max Mhz: 1700, Current Mhz: 1700, Mhz Limit: 1700
Processor Information for processor 1
  Max Mhz: 1700, Current Mhz: 1700, Mhz Limit: 1700
Processor Information for processor 2
  Max Mhz: 1700, Current Mhz: 1700, Mhz Limit: 1700
Processor Information for processor 3
  Max Mhz: 1700, Current Mhz: 1700, Mhz Limit: 1700
Processor Information for processor 4
  Max Mhz: 1700, Current Mhz: 1700, Mhz Limit: 1700
Processor Information for processor 5
  Max Mhz: 1700, Current Mhz: 1700, Mhz Limit: 1700
Processor Information for processor 6
  Max Mhz: 1700, Current Mhz: 1700, Mhz Limit: 1700
Processor Information for processor 7
  Max Mhz: 1700, Current Mhz: 1700, Mhz Limit: 1700
Processor Information for processor 8
  Max Mhz: 1700, Current Mhz: 1700, Mhz Limit: 1700
Processor Information for processor 9
  Max Mhz: 1700, Current Mhz: 1558, Mhz Limit: 1700
Processor Information for processor 10
  Max Mhz: 1700, Current Mhz: 1700, Mhz Limit: 1700
Processor Information for processor 11
  Max Mhz: 1700, Current Mhz: 1558, Mhz Limit: 1700

Memory: 4k page, system-wide physical 16068M (1374M free)
TotalPageFile size 20388M (AvailPageFile size 12M)
current process WorkingSet (physical memory assigned to process): 58M, peak: 58M
current process commit charge ("private bytes"): 352M, peak: 358M

vm_info: Java HotSpot(TM) 64-Bit Server VM (25.0.1+8-LTS-27) for windows-amd64 JRE (25.0.1+8-LTS-27), built on 2025-09-25T16:41:16Z with unknown MS VC++:1943

END.
